Build started 6/5/2013 2:32:11 PM.
     1>Project "C:\Users\MITRE_Dev\Documents\GitHub\learninglandscape-codebase\TerrainGenerator\FractalDiamondSquare\FractalDiamondSquare.vcxproj" on node 2 (build target(s)).
     1>InitializeBuildStatus:
         Touching "Debug\FractalDiamondSquare.unsuccessfulbuild".
       ClCompile:
         All outputs are up-to-date.
       ManifestResourceCompile:
         All outputs are up-to-date.
       Link:
         c:\Program Files (x86)\Microsoft Visual Studio 10.0\VC\bin\link.exe /ERRORREPORT:PROMPT /OUT:"C:\Users\MITRE_Dev\Documents\GitHub\learninglandscape-codebase\TerrainGenerator\Debug\FractalDiamondSquare.exe" /INCREMENTAL /NOLOGO /LIBPATH:"C:\Users\MITRE_Dev\Documents\GitHub\learninglandscape-codebase\TerrainGenerator\FractalDiamondSquare\lib\Release" curllib.lib kernel32.lib user32.lib gdi32.lib winspool.lib comdlg32.lib advapi32.lib shell32.lib ole32.lib oleaut32.lib uuid.lib odbc32.lib odbccp32.lib /MANIFEST /ManifestFile:"Debug\FractalDiamondSquare.exe.intermediate.manifest" /MANIFESTUAC:"level='asInvoker' uiAccess='false'" /DEBUG /PDB:"C:\Users\MITRE_Dev\Documents\GitHub\learninglandscape-codebase\TerrainGenerator\Debug\FractalDiamondSquare.pdb" /SUBSYSTEM:CONSOLE /TLBID:1 /DYNAMICBASE /NXCOMPAT /IMPLIB:"C:\Users\MITRE_Dev\Documents\GitHub\learninglandscape-codebase\TerrainGenerator\Debug\FractalDiamondSquare.lib" /MACHINE:X86 Debug\FractalDiamondSquare.exe.embed.manifest.res
         Debug\DiamondSquareAlg.obj
         Debug\glfont2.obj
         Debug\ScriptGen.obj
       Manifest:
         C:\Program Files (x86)\Microsoft SDKs\Windows\v7.0A\bin\mt.exe /nologo /verbose /out:"Debug\FractalDiamondSquare.exe.embed.manifest" /manifest Debug\FractalDiamondSquare.exe.intermediate.manifest
         All outputs are up-to-date.
       LinkEmbedManifest:
         All outputs are up-to-date.
         FractalDiamondSquare.vcxproj -> C:\Users\MITRE_Dev\Documents\GitHub\learninglandscape-codebase\TerrainGenerator\Debug\FractalDiamondSquare.exe
       FinalizeBuildStatus:
         Deleting file "Debug\FractalDiamondSquare.unsuccessfulbuild".
         Touching "Debug\FractalDiamondSquare.lastbuildstate".
     1>Done Building Project "C:\Users\MITRE_Dev\Documents\GitHub\learninglandscape-codebase\TerrainGenerator\FractalDiamondSquare\FractalDiamondSquare.vcxproj" (build target(s)).

Build succeeded.

Time Elapsed 00:00:00.64
