C:\Users\MITRE_Dev\Documents\GitHub\learninglandscape-codebase\ComboGenerator\ComboGenerator\Debug\cl.command.1.tlog
C:\Users\MITRE_Dev\Documents\GitHub\learninglandscape-codebase\ComboGenerator\ComboGenerator\Debug\CL.read.1.tlog
C:\Users\MITRE_Dev\Documents\GitHub\learninglandscape-codebase\ComboGenerator\ComboGenerator\Debug\CL.write.1.tlog
C:\USERS\MITRE_DEV\DOCUMENTS\GITHUB\LEARNINGLANDSCAPE-CODEBASE\COMBOGENERATOR\COMBOGENERATOR\DEBUG\COMBOGENERATOR.EXE.INTERMEDIATE.MANIFEST
C:\USERS\MITRE_DEV\DOCUMENTS\GITHUB\LEARNINGLANDSCAPE-CODEBASE\COMBOGENERATOR\COMBOGENERATOR\DEBUG\DIAMONDSQUAREALG.OBJ
C:\USERS\MITRE_DEV\DOCUMENTS\GITHUB\LEARNINGLANDSCAPE-CODEBASE\COMBOGENERATOR\COMBOGENERATOR\DEBUG\GLFONT2.OBJ
C:\Users\MITRE_Dev\Documents\GitHub\learninglandscape-codebase\ComboGenerator\ComboGenerator\Debug\link.command.1.tlog
C:\Users\MITRE_Dev\Documents\GitHub\learninglandscape-codebase\ComboGenerator\ComboGenerator\Debug\link.read.1.tlog
C:\Users\MITRE_Dev\Documents\GitHub\learninglandscape-codebase\ComboGenerator\ComboGenerator\Debug\link.write.1.tlog
C:\Users\MITRE_Dev\Documents\GitHub\learninglandscape-codebase\ComboGenerator\ComboGenerator\Debug\mt.command.1.tlog
C:\Users\MITRE_Dev\Documents\GitHub\learninglandscape-codebase\ComboGenerator\ComboGenerator\Debug\mt.read.1.tlog
C:\Users\MITRE_Dev\Documents\GitHub\learninglandscape-codebase\ComboGenerator\ComboGenerator\Debug\mt.write.1.tlog
C:\USERS\MITRE_DEV\DOCUMENTS\GITHUB\LEARNINGLANDSCAPE-CODEBASE\COMBOGENERATOR\COMBOGENERATOR\DEBUG\NODE.OBJ
C:\USERS\MITRE_DEV\DOCUMENTS\GITHUB\LEARNINGLANDSCAPE-CODEBASE\COMBOGENERATOR\COMBOGENERATOR\DEBUG\SCRIPTGEN.OBJ
C:\USERS\MITRE_DEV\DOCUMENTS\GITHUB\LEARNINGLANDSCAPE-CODEBASE\COMBOGENERATOR\COMBOGENERATOR\DEBUG\TREE.OBJ
C:\Users\MITRE_Dev\Documents\GitHub\learninglandscape-codebase\ComboGenerator\ComboGenerator\Debug\vc100.idb
C:\USERS\MITRE_DEV\DOCUMENTS\GITHUB\LEARNINGLANDSCAPE-CODEBASE\COMBOGENERATOR\COMBOGENERATOR\DEBUG\VC100.PDB
C:\USERS\MITRE_DEV\DOCUMENTS\GITHUB\LEARNINGLANDSCAPE-CODEBASE\COMBOGENERATOR\DEBUG\COMBOGENERATOR.EXE
C:\USERS\MITRE_DEV\DOCUMENTS\GITHUB\LEARNINGLANDSCAPE-CODEBASE\COMBOGENERATOR\DEBUG\COMBOGENERATOR.ILK
C:\USERS\MITRE_DEV\DOCUMENTS\GITHUB\LEARNINGLANDSCAPE-CODEBASE\COMBOGENERATOR\DEBUG\COMBOGENERATOR.PDB
