Build started 7/31/2013 1:12:25 PM.
     1>Project "C:\Users\MITRE_Dev\Documents\GitHub\learninglandscape-codebase\FlagScrubber\FlagScrubber\FlagScrubber.vcxproj" on node 2 (build target(s)).
     1>InitializeBuildStatus:
         Creating "Debug\FlagScrubber.unsuccessfulbuild" because "AlwaysCreate" was specified.
       ClCompile:
         All outputs are up-to-date.
         c:\Program Files (x86)\Microsoft Visual Studio 10.0\VC\bin\CL.exe /c /ZI /nologo /W3 /WX- /Od /Oy- /D WIN32 /D _DEBUG /D _CONSOLE /D _UNICODE /D UNICODE /Gm /EHsc /RTC1 /MDd /GS /fp:precise /Zc:wchar_t /Zc:forScope /Yu"StdAfx.h" /Fp"Debug\FlagScrubber.pch" /Fo"Debug\\" /Fd"Debug\vc100.pdb" /Gd /TP /analyze- /errorReport:prompt FlagScrubber.cpp
         FlagScrubber.cpp
     1>c:\users\mitre_dev\documents\github\learninglandscape-codebase\flagscrubber\flagscrubber\flagscrubber.cpp(66): warning C4018: '<' : signed/unsigned mismatch
       ManifestResourceCompile:
         All outputs are up-to-date.
       Link:
         c:\Program Files (x86)\Microsoft Visual Studio 10.0\VC\bin\link.exe /ERRORREPORT:PROMPT /OUT:"C:\Users\MITRE_Dev\Documents\GitHub\learninglandscape-codebase\FlagScrubber\Debug\FlagScrubber.exe" /INCREMENTAL /NOLOGO kernel32.lib user32.lib gdi32.lib winspool.lib comdlg32.lib advapi32.lib shell32.lib ole32.lib oleaut32.lib uuid.lib odbc32.lib odbccp32.lib /MANIFEST /ManifestFile:"Debug\FlagScrubber.exe.intermediate.manifest" /MANIFESTUAC:"level='asInvoker' uiAccess='false'" /DEBUG /PDB:"C:\Users\MITRE_Dev\Documents\GitHub\learninglandscape-codebase\FlagScrubber\Debug\FlagScrubber.pdb" /SUBSYSTEM:CONSOLE /TLBID:1 /DYNAMICBASE /NXCOMPAT /IMPLIB:"C:\Users\MITRE_Dev\Documents\GitHub\learninglandscape-codebase\FlagScrubber\Debug\FlagScrubber.lib" /MACHINE:X86 Debug\FlagScrubber.exe.embed.manifest.res
         Debug\FlagScrubber.obj
         Debug\stdafx.obj
       Manifest:
         C:\Program Files (x86)\Microsoft SDKs\Windows\v7.0A\bin\mt.exe /nologo /verbose /out:"Debug\FlagScrubber.exe.embed.manifest" /manifest Debug\FlagScrubber.exe.intermediate.manifest
         All outputs are up-to-date.
       LinkEmbedManifest:
         All outputs are up-to-date.
         FlagScrubber.vcxproj -> C:\Users\MITRE_Dev\Documents\GitHub\learninglandscape-codebase\FlagScrubber\Debug\FlagScrubber.exe
       FinalizeBuildStatus:
         Deleting file "Debug\FlagScrubber.unsuccessfulbuild".
         Touching "Debug\FlagScrubber.lastbuildstate".
     1>Done Building Project "C:\Users\MITRE_Dev\Documents\GitHub\learninglandscape-codebase\FlagScrubber\FlagScrubber\FlagScrubber.vcxproj" (build target(s)).

Build succeeded.

Time Elapsed 00:00:04.68
